Base path: 'C:/Program Files/Unity/Hub/Editor/2019.4.23f1/Editor/Data', plugins path 'C:/Program Files/Unity/Hub/Editor/2019.4.23f1/Editor/Data/PlaybackEngines'
Cmd: initializeCompiler
Cmd: compileComputeKernel
  api=4 insize=8324 outsize=1789 ok=1
Cmd: compileComputeKernel
  api=4 insize=4413 outsize=1831 ok=1
Cmd: compileComputeKernel
  api=4 insize=22218 outsize=2690 ok=1
Cmd: compileComputeKernel
  api=4 insize=22218 outsize=1368 ok=1
Cmd: compileComputeKernel
  api=4 insize=22218 outsize=1349 ok=1
Cmd: compileComputeKernel
  api=4 insize=22218 outsize=1831 ok=1
Cmd: compileComputeKernel
  api=4 insize=15584 outsize=1449 ok=1
Cmd: compileComputeKernel
  api=4 insize=15584 outsize=1345 ok=1
Cmd: compileComputeKernel
  api=4 insize=15584 outsize=1387 ok=1
Cmd: compileComputeKernel
  api=4 insize=15584 outsize=1233 ok=1
Cmd: compileComputeKernel
  api=4 insize=11059 outsize=3252 ok=1

Quitting shader compiler process
