Base path: 'C:/Program Files/Unity/Hub/Editor/2019.4.23f1/Editor/Data', plugins path 'C:/Program Files/Unity/Hub/Editor/2019.4.23f1/Editor/Data/PlaybackEngines'
Cmd: initializeCompiler
Cmd: compileComputeKernel
  api=4 insize=8324 outsize=1564 ok=1
Cmd: compileComputeKernel
  api=4 insize=4413 outsize=1831 ok=1
Cmd: compileComputeKernel
  api=4 insize=22218 outsize=2014 ok=1
Cmd: compileComputeKernel
  api=4 insize=22218 outsize=2973 ok=1
Cmd: compileComputeKernel
  api=4 insize=22218 outsize=1831 ok=1
Cmd: compileComputeKernel
  api=4 insize=22218 outsize=1986 ok=1
Cmd: compileComputeKernel
  api=4 insize=15584 outsize=1283 ok=1
Cmd: compileComputeKernel
  api=4 insize=15584 outsize=1354 ok=1
Cmd: compileComputeKernel
  api=4 insize=15584 outsize=1281 ok=1
Cmd: compileComputeKernel
  api=4 insize=15584 outsize=1739 ok=1
Cmd: compileComputeKernel
  api=4 insize=11059 outsize=5548 ok=1

Quitting shader compiler process
