Base path: 'C:/Program Files/Unity/Hub/Editor/2019.4.23f1/Editor/Data', plugins path 'C:/Program Files/Unity/Hub/Editor/2019.4.23f1/Editor/Data/PlaybackEngines'
Cmd: initializeCompiler
Cmd: preprocessCompute
  insize=8304 outsize=8324 ok=1
Cmd: compileComputeKernel
  api=4 insize=8324 outsize=1476 ok=1
Cmd: compileComputeKernel
  api=4 insize=8324 outsize=2934 ok=1
Cmd: compileComputeKernel
  api=4 insize=8324 outsize=1349 ok=1
Cmd: preprocessCompute
  insize=4399 outsize=4413 ok=1
Cmd: compileComputeKernel
  api=4 insize=4413 outsize=1835 ok=1
Cmd: preprocessCompute
  insize=22155 outsize=22218 ok=1
Cmd: compileComputeKernel
  api=4 insize=22218 outsize=2895 ok=1
Cmd: compileComputeKernel
  api=4 insize=22218 outsize=1595 ok=1
Cmd: compileComputeKernel
  api=4 insize=22218 outsize=1450 ok=1
Cmd: compileComputeKernel
  api=4 insize=22218 outsize=1831 ok=1
Cmd: preprocessCompute
  insize=2692 outsize=2694 ok=1
Cmd: preprocessCompute
  insize=4852 outsize=4852 ok=0
Cmd: preprocessCompute
  insize=11050 outsize=11050 ok=0
Cmd: preprocessCompute
  insize=125159 outsize=125159 ok=0
Cmd: preprocessCompute
  insize=7856 outsize=7860 ok=1
Cmd: compileComputeKernel
  api=4 insize=7860 outsize=2569 ok=1
Cmd: preprocessCompute
  insize=15528 outsize=15584 ok=1
Cmd: compileComputeKernel
  api=4 insize=15584 outsize=1309 ok=1
Cmd: compileComputeKernel
  api=4 insize=15584 outsize=1368 ok=1
Cmd: compileComputeKernel
  api=4 insize=15584 outsize=1344 ok=1
Cmd: compileComputeKernel
  api=4 insize=15584 outsize=1616 ok=1
Cmd: preprocessCompute
  insize=11049 outsize=11059 ok=1
Cmd: compileComputeKernel
  api=4 insize=11059 outsize=4092 ok=1
Cmd: preprocessCompute
  insize=1829 outsize=1831 ok=1
Cmd: compileComputeKernel
  api=4 insize=1831 outsize=3102 ok=1

Quitting shader compiler process
